06-Aug-2020 15:44:38.753 信息 [main] org.apache.catalina.startup.VersionLoggerListener.log Server.服务器版本: Apache Tomcat/10.0.0-M7
06-Aug-2020 15:44:38.970 信息 [main] org.apache.catalina.startup.VersionLoggerListener.log 服务器构建:        Jun 30 2020 17:11:04 UTC
06-Aug-2020 15:44:38.971 信息 [main] org.apache.catalina.startup.VersionLoggerListener.log 服务器版本号(:     10.0.0.0
06-Aug-2020 15:44:38.984 信息 [main] org.apache.catalina.startup.VersionLoggerListener.log 操作系统名称:      Windows 10
06-Aug-2020 15:44:39.005 信息 [main] org.apache.catalina.startup.VersionLoggerListener.log OS.版本:           10.0
06-Aug-2020 15:44:39.008 信息 [main] org.apache.catalina.startup.VersionLoggerListener.log 架构:              amd64
06-Aug-2020 15:44:39.010 信息 [main] org.apache.catalina.startup.VersionLoggerListener.log Java 环境变量:     C:\DevelopmentTool\Java\jdk-14.0.1
06-Aug-2020 15:44:39.015 信息 [main] org.apache.catalina.startup.VersionLoggerListener.log Java虚拟机版本:    14.0.1+7
06-Aug-2020 15:44:39.073 信息 [main] org.apache.catalina.startup.VersionLoggerListener.log JVM.供应商:        Oracle Corporation
06-Aug-2020 15:44:39.105 信息 [main] org.apache.catalina.startup.VersionLoggerListener.log CATALINA_BASE:     C:\DevelopmentPlantform\apache-tomcat-10.0.0-M7
06-Aug-2020 15:44:39.107 信息 [main] org.apache.catalina.startup.VersionLoggerListener.log CATALINA_HOME:     C:\DevelopmentPlantform\apache-tomcat-10.0.0-M7
06-Aug-2020 15:44:39.115 信息 [main] org.apache.catalina.startup.VersionLoggerListener.log 命令行参数：--add-opens=java.base/java.lang=ALL-UNNAMED
06-Aug-2020 15:44:39.117 信息 [main] org.apache.catalina.startup.VersionLoggerListener.log 命令行参数：--add-opens=java.base/java.io=ALL-UNNAMED
06-Aug-2020 15:44:39.118 信息 [main] org.apache.catalina.startup.VersionLoggerListener.log 命令行参数：--add-opens=java.rmi/sun.rmi.transport=ALL-UNNAMED
06-Aug-2020 15:44:39.121 信息 [main] org.apache.catalina.startup.VersionLoggerListener.log 命令行参数：-Djava.util.logging.config.file=C:\DevelopmentPlantform\apache-tomcat-10.0.0-M7\conf\logging.properties
06-Aug-2020 15:44:39.141 信息 [main] org.apache.catalina.startup.VersionLoggerListener.log 命令行参数：-Djava.util.logging.manager=org.apache.juli.ClassLoaderLogManager
06-Aug-2020 15:44:39.143 信息 [main] org.apache.catalina.startup.VersionLoggerListener.log 命令行参数：-Djdk.tls.ephemeralDHKeySize=2048
06-Aug-2020 15:44:39.148 信息 [main] org.apache.catalina.startup.VersionLoggerListener.log 命令行参数：-Djava.protocol.handler.pkgs=org.apache.catalina.webresources
06-Aug-2020 15:44:39.173 信息 [main] org.apache.catalina.startup.VersionLoggerListener.log 命令行参数：-Dignore.endorsed.dirs=
06-Aug-2020 15:44:39.196 信息 [main] org.apache.catalina.startup.VersionLoggerListener.log 命令行参数：-Dcatalina.base=C:\DevelopmentPlantform\apache-tomcat-10.0.0-M7
06-Aug-2020 15:44:39.224 信息 [main] org.apache.catalina.startup.VersionLoggerListener.log 命令行参数：-Dcatalina.home=C:\DevelopmentPlantform\apache-tomcat-10.0.0-M7
06-Aug-2020 15:44:39.232 信息 [main] org.apache.catalina.startup.VersionLoggerListener.log 命令行参数：-Djava.io.tmpdir=C:\DevelopmentPlantform\apache-tomcat-10.0.0-M7\temp
06-Aug-2020 15:44:39.258 信息 [main] org.apache.catalina.core.AprLifecycleListener.lifecycleEvent 使用APR版本[1.7.0]加载了基于APR的Apache Tomcat本机库[1.2.24]。
06-Aug-2020 15:44:39.379 信息 [main] org.apache.catalina.core.AprLifecycleListener.lifecycleEvent APR功能：IPv6[true]、sendfile[true]、accept filters[false]、random[true]。
06-Aug-2020 15:44:39.604 信息 [main] org.apache.catalina.core.AprLifecycleListener.initializeSSL OpenSSL成功初始化 [OpenSSL 1.1.1g  21 Apr 2020]
06-Aug-2020 15:44:42.013 信息 [main] org.apache.coyote.AbstractProtocol.init 初始化协议处理器 ["http-nio-8080"]
06-Aug-2020 15:44:42.193 信息 [main] org.apache.catalina.startup.Catalina.load 服务器在[6011]毫秒内初始化
06-Aug-2020 15:44:42.499 信息 [main] org.apache.catalina.core.StandardService.startInternal 正在启动服务[Catalina]
06-Aug-2020 15:44:42.501 信息 [main] org.apache.catalina.core.StandardEngine.startInternal 正在启动 Servlet 引擎：[Apache Tomcat/10.0.0-M7]
06-Aug-2020 15:44:42.585 信息 [main] org.apache.catalina.startup.HostConfig.deployDirectory 把web 应用程序部署到目录 [C:\DevelopmentPlantform\apache-tomcat-10.0.0-M7\webapps\docs]
06-Aug-2020 15:44:44.241 警告 [main] org.apache.catalina.util.SessionIdGeneratorBase.createSecureRandom 使用[SHA1PRNG]创建会话ID生成的SecureRandom实例花费了[133]毫秒。
06-Aug-2020 15:44:44.397 信息 [main] org.apache.catalina.startup.HostConfig.deployDirectory Web应用程序目录[C:\DevelopmentPlantform\apache-tomcat-10.0.0-M7\webapps\docs]的部署已在[1,811]毫秒内完成
06-Aug-2020 15:44:44.436 信息 [main] org.apache.catalina.startup.HostConfig.deployDirectory 把web 应用程序部署到目录 [C:\DevelopmentPlantform\apache-tomcat-10.0.0-M7\webapps\examples]
06-Aug-2020 15:44:49.404 信息 [main] org.apache.catalina.startup.HostConfig.deployDirectory Web应用程序目录[C:\DevelopmentPlantform\apache-tomcat-10.0.0-M7\webapps\examples]的部署已在[4,968]毫秒内完成
06-Aug-2020 15:44:49.446 信息 [main] org.apache.catalina.startup.HostConfig.deployDirectory 把web 应用程序部署到目录 [C:\DevelopmentPlantform\apache-tomcat-10.0.0-M7\webapps\host-manager]
06-Aug-2020 15:44:49.712 信息 [main] org.apache.catalina.startup.HostConfig.deployDirectory Web应用程序目录[C:\DevelopmentPlantform\apache-tomcat-10.0.0-M7\webapps\host-manager]的部署已在[270]毫秒内完成
06-Aug-2020 15:44:49.746 信息 [main] org.apache.catalina.startup.HostConfig.deployDirectory 把web 应用程序部署到目录 [C:\DevelopmentPlantform\apache-tomcat-10.0.0-M7\webapps\manager]
06-Aug-2020 15:44:49.953 信息 [main] org.apache.catalina.startup.HostConfig.deployDirectory Web应用程序目录[C:\DevelopmentPlantform\apache-tomcat-10.0.0-M7\webapps\manager]的部署已在[207]毫秒内完成
06-Aug-2020 15:44:49.988 信息 [main] org.apache.catalina.startup.HostConfig.deployDirectory 把web 应用程序部署到目录 [C:\DevelopmentPlantform\apache-tomcat-10.0.0-M7\webapps\ROOT]
06-Aug-2020 15:44:50.216 信息 [main] org.apache.catalina.startup.HostConfig.deployDirectory Web应用程序目录[C:\DevelopmentPlantform\apache-tomcat-10.0.0-M7\webapps\ROOT]的部署已在[227]毫秒内完成
06-Aug-2020 15:44:50.271 信息 [main] org.apache.coyote.AbstractProtocol.start 开始协议处理句柄["http-nio-8080"]
06-Aug-2020 15:44:50.496 信息 [main] org.apache.catalina.startup.Catalina.start [8291]毫秒后服务器启动
06-Aug-2020 15:46:58.150 信息 [main] org.apache.catalina.startup.VersionLoggerListener.log Server.服务器版本: Apache Tomcat/10.0.0-M7
06-Aug-2020 15:46:58.186 信息 [main] org.apache.catalina.startup.VersionLoggerListener.log 服务器构建:        Jun 30 2020 17:11:04 UTC
06-Aug-2020 15:46:58.190 信息 [main] org.apache.catalina.startup.VersionLoggerListener.log 服务器版本号(:     10.0.0.0
06-Aug-2020 15:46:58.192 信息 [main] org.apache.catalina.startup.VersionLoggerListener.log 操作系统名称:      Windows 10
06-Aug-2020 15:46:58.196 信息 [main] org.apache.catalina.startup.VersionLoggerListener.log OS.版本:           10.0
06-Aug-2020 15:46:58.198 信息 [main] org.apache.catalina.startup.VersionLoggerListener.log 架构:              amd64
06-Aug-2020 15:46:58.218 信息 [main] org.apache.catalina.startup.VersionLoggerListener.log Java 环境变量:     C:\DevelopmentTool\Java\jdk-14.0.1
06-Aug-2020 15:46:58.220 信息 [main] org.apache.catalina.startup.VersionLoggerListener.log Java虚拟机版本:    14.0.1+7
06-Aug-2020 15:46:58.221 信息 [main] org.apache.catalina.startup.VersionLoggerListener.log JVM.供应商:        Oracle Corporation
06-Aug-2020 15:46:58.237 信息 [main] org.apache.catalina.startup.VersionLoggerListener.log CATALINA_BASE:     C:\DevelopmentPlantform\apache-tomcat-10.0.0-M7
06-Aug-2020 15:46:58.237 信息 [main] org.apache.catalina.startup.VersionLoggerListener.log CATALINA_HOME:     C:\DevelopmentPlantform\apache-tomcat-10.0.0-M7
06-Aug-2020 15:46:58.256 信息 [main] org.apache.catalina.startup.VersionLoggerListener.log 命令行参数：--add-opens=java.base/java.lang=ALL-UNNAMED
06-Aug-2020 15:46:58.257 信息 [main] org.apache.catalina.startup.VersionLoggerListener.log 命令行参数：--add-opens=java.base/java.io=ALL-UNNAMED
06-Aug-2020 15:46:58.258 信息 [main] org.apache.catalina.startup.VersionLoggerListener.log 命令行参数：--add-opens=java.rmi/sun.rmi.transport=ALL-UNNAMED
06-Aug-2020 15:46:58.261 信息 [main] org.apache.catalina.startup.VersionLoggerListener.log 命令行参数：-Djava.util.logging.config.file=C:\DevelopmentPlantform\apache-tomcat-10.0.0-M7\conf\logging.properties
06-Aug-2020 15:46:58.264 信息 [main] org.apache.catalina.startup.VersionLoggerListener.log 命令行参数：-Djava.util.logging.manager=org.apache.juli.ClassLoaderLogManager
06-Aug-2020 15:46:58.267 信息 [main] org.apache.catalina.startup.VersionLoggerListener.log 命令行参数：-Djdk.tls.ephemeralDHKeySize=2048
06-Aug-2020 15:46:58.274 信息 [main] org.apache.catalina.startup.VersionLoggerListener.log 命令行参数：-Djava.protocol.handler.pkgs=org.apache.catalina.webresources
06-Aug-2020 15:46:58.276 信息 [main] org.apache.catalina.startup.VersionLoggerListener.log 命令行参数：-Dignore.endorsed.dirs=
06-Aug-2020 15:46:58.280 信息 [main] org.apache.catalina.startup.VersionLoggerListener.log 命令行参数：-Dcatalina.base=C:\DevelopmentPlantform\apache-tomcat-10.0.0-M7
06-Aug-2020 15:46:58.281 信息 [main] org.apache.catalina.startup.VersionLoggerListener.log 命令行参数：-Dcatalina.home=C:\DevelopmentPlantform\apache-tomcat-10.0.0-M7
06-Aug-2020 15:46:58.289 信息 [main] org.apache.catalina.startup.VersionLoggerListener.log 命令行参数：-Djava.io.tmpdir=C:\DevelopmentPlantform\apache-tomcat-10.0.0-M7\temp
06-Aug-2020 15:46:58.305 信息 [main] org.apache.catalina.core.AprLifecycleListener.lifecycleEvent 使用APR版本[1.7.0]加载了基于APR的Apache Tomcat本机库[1.2.24]。
06-Aug-2020 15:46:58.309 信息 [main] org.apache.catalina.core.AprLifecycleListener.lifecycleEvent APR功能：IPv6[true]、sendfile[true]、accept filters[false]、random[true]。
06-Aug-2020 15:46:58.348 信息 [main] org.apache.catalina.core.AprLifecycleListener.initializeSSL OpenSSL成功初始化 [OpenSSL 1.1.1g  21 Apr 2020]
06-Aug-2020 15:46:59.612 信息 [main] org.apache.coyote.AbstractProtocol.init 初始化协议处理器 ["http-nio-8080"]
06-Aug-2020 15:46:59.762 信息 [main] org.apache.catalina.startup.Catalina.load 服务器在[2588]毫秒内初始化
06-Aug-2020 15:46:59.952 信息 [main] org.apache.catalina.core.StandardService.startInternal 正在启动服务[Catalina]
06-Aug-2020 15:46:59.954 信息 [main] org.apache.catalina.core.StandardEngine.startInternal 正在启动 Servlet 引擎：[Apache Tomcat/10.0.0-M7]
06-Aug-2020 15:47:00.041 信息 [main] org.apache.catalina.startup.HostConfig.deployDirectory 把web 应用程序部署到目录 [C:\DevelopmentPlantform\apache-tomcat-10.0.0-M7\webapps\docs]
06-Aug-2020 15:47:01.635 警告 [main] org.apache.catalina.util.SessionIdGeneratorBase.createSecureRandom 使用[SHA1PRNG]创建会话ID生成的SecureRandom实例花费了[147]毫秒。
06-Aug-2020 15:47:01.789 信息 [main] org.apache.catalina.startup.HostConfig.deployDirectory Web应用程序目录[C:\DevelopmentPlantform\apache-tomcat-10.0.0-M7\webapps\docs]的部署已在[1,747]毫秒内完成
06-Aug-2020 15:47:01.822 信息 [main] org.apache.catalina.startup.HostConfig.deployDirectory 把web 应用程序部署到目录 [C:\DevelopmentPlantform\apache-tomcat-10.0.0-M7\webapps\examples]
06-Aug-2020 15:47:03.738 信息 [main] org.apache.catalina.startup.HostConfig.deployDirectory Web应用程序目录[C:\DevelopmentPlantform\apache-tomcat-10.0.0-M7\webapps\examples]的部署已在[1,916]毫秒内完成
06-Aug-2020 15:47:03.765 信息 [main] org.apache.catalina.startup.HostConfig.deployDirectory 把web 应用程序部署到目录 [C:\DevelopmentPlantform\apache-tomcat-10.0.0-M7\webapps\host-manager]
06-Aug-2020 15:47:03.962 信息 [main] org.apache.catalina.startup.HostConfig.deployDirectory Web应用程序目录[C:\DevelopmentPlantform\apache-tomcat-10.0.0-M7\webapps\host-manager]的部署已在[197]毫秒内完成
06-Aug-2020 15:47:03.994 信息 [main] org.apache.catalina.startup.HostConfig.deployDirectory 把web 应用程序部署到目录 [C:\DevelopmentPlantform\apache-tomcat-10.0.0-M7\webapps\manager]
06-Aug-2020 15:47:04.137 信息 [main] org.apache.catalina.startup.HostConfig.deployDirectory Web应用程序目录[C:\DevelopmentPlantform\apache-tomcat-10.0.0-M7\webapps\manager]的部署已在[142]毫秒内完成
06-Aug-2020 15:47:04.169 信息 [main] org.apache.catalina.startup.HostConfig.deployDirectory 把web 应用程序部署到目录 [C:\DevelopmentPlantform\apache-tomcat-10.0.0-M7\webapps\ROOT]
06-Aug-2020 15:47:04.303 信息 [main] org.apache.catalina.startup.HostConfig.deployDirectory Web应用程序目录[C:\DevelopmentPlantform\apache-tomcat-10.0.0-M7\webapps\ROOT]的部署已在[133]毫秒内完成
06-Aug-2020 15:47:04.344 信息 [main] org.apache.coyote.AbstractProtocol.start 开始协议处理句柄["http-nio-8080"]
06-Aug-2020 15:47:04.561 信息 [main] org.apache.catalina.startup.Catalina.start [4792]毫秒后服务器启动
06-Aug-2020 15:50:51.060 信息 [main] org.apache.catalina.startup.VersionLoggerListener.log Server.服务器版本: Apache Tomcat/10.0.0-M7
06-Aug-2020 15:50:51.094 信息 [main] org.apache.catalina.startup.VersionLoggerListener.log 服务器构建:        Jun 30 2020 17:11:04 UTC
06-Aug-2020 15:50:51.117 信息 [main] org.apache.catalina.startup.VersionLoggerListener.log 服务器版本号(:     10.0.0.0
06-Aug-2020 15:50:51.179 信息 [main] org.apache.catalina.startup.VersionLoggerListener.log 操作系统名称:      Windows 10
06-Aug-2020 15:50:51.187 信息 [main] org.apache.catalina.startup.VersionLoggerListener.log OS.版本:           10.0
06-Aug-2020 15:50:51.202 信息 [main] org.apache.catalina.startup.VersionLoggerListener.log 架构:              amd64
06-Aug-2020 15:50:51.208 信息 [main] org.apache.catalina.startup.VersionLoggerListener.log Java 环境变量:     C:\DevelopmentTool\Java\jdk-14.0.1
06-Aug-2020 15:50:51.214 信息 [main] org.apache.catalina.startup.VersionLoggerListener.log Java虚拟机版本:    14.0.1+7
06-Aug-2020 15:50:51.214 信息 [main] org.apache.catalina.startup.VersionLoggerListener.log JVM.供应商:        Oracle Corporation
06-Aug-2020 15:50:51.249 信息 [main] org.apache.catalina.startup.VersionLoggerListener.log CATALINA_BASE:     C:\DevelopmentPlantform\apache-tomcat-10.0.0-M7
06-Aug-2020 15:50:51.251 信息 [main] org.apache.catalina.startup.VersionLoggerListener.log CATALINA_HOME:     C:\DevelopmentPlantform\apache-tomcat-10.0.0-M7
06-Aug-2020 15:50:51.256 信息 [main] org.apache.catalina.startup.VersionLoggerListener.log 命令行参数：--add-opens=java.base/java.lang=ALL-UNNAMED
06-Aug-2020 15:50:51.260 信息 [main] org.apache.catalina.startup.VersionLoggerListener.log 命令行参数：--add-opens=java.base/java.io=ALL-UNNAMED
06-Aug-2020 15:50:51.261 信息 [main] org.apache.catalina.startup.VersionLoggerListener.log 命令行参数：--add-opens=java.rmi/sun.rmi.transport=ALL-UNNAMED
06-Aug-2020 15:50:51.262 信息 [main] org.apache.catalina.startup.VersionLoggerListener.log 命令行参数：-Djava.util.logging.config.file=C:\DevelopmentPlantform\apache-tomcat-10.0.0-M7\conf\logging.properties
06-Aug-2020 15:50:51.264 信息 [main] org.apache.catalina.startup.VersionLoggerListener.log 命令行参数：-Djava.util.logging.manager=org.apache.juli.ClassLoaderLogManager
06-Aug-2020 15:50:51.266 信息 [main] org.apache.catalina.startup.VersionLoggerListener.log 命令行参数：-Djdk.tls.ephemeralDHKeySize=2048
06-Aug-2020 15:50:51.281 信息 [main] org.apache.catalina.startup.VersionLoggerListener.log 命令行参数：-Djava.protocol.handler.pkgs=org.apache.catalina.webresources
06-Aug-2020 15:50:51.286 信息 [main] org.apache.catalina.startup.VersionLoggerListener.log 命令行参数：-Dignore.endorsed.dirs=
06-Aug-2020 15:50:51.292 信息 [main] org.apache.catalina.startup.VersionLoggerListener.log 命令行参数：-Dcatalina.base=C:\DevelopmentPlantform\apache-tomcat-10.0.0-M7
06-Aug-2020 15:50:51.298 信息 [main] org.apache.catalina.startup.VersionLoggerListener.log 命令行参数：-Dcatalina.home=C:\DevelopmentPlantform\apache-tomcat-10.0.0-M7
06-Aug-2020 15:50:51.303 信息 [main] org.apache.catalina.startup.VersionLoggerListener.log 命令行参数：-Djava.io.tmpdir=C:\DevelopmentPlantform\apache-tomcat-10.0.0-M7\temp
06-Aug-2020 15:50:51.331 信息 [main] org.apache.catalina.core.AprLifecycleListener.lifecycleEvent 使用APR版本[1.7.0]加载了基于APR的Apache Tomcat本机库[1.2.24]。
06-Aug-2020 15:50:51.333 信息 [main] org.apache.catalina.core.AprLifecycleListener.lifecycleEvent APR功能：IPv6[true]、sendfile[true]、accept filters[false]、random[true]。
06-Aug-2020 15:50:51.369 信息 [main] org.apache.catalina.core.AprLifecycleListener.initializeSSL OpenSSL成功初始化 [OpenSSL 1.1.1g  21 Apr 2020]
06-Aug-2020 15:50:52.941 信息 [main] org.apache.coyote.AbstractProtocol.init 初始化协议处理器 ["http-nio-8080"]
06-Aug-2020 15:50:53.077 信息 [main] org.apache.catalina.startup.Catalina.load 服务器在[3103]毫秒内初始化
06-Aug-2020 15:50:53.269 信息 [main] org.apache.catalina.core.StandardService.startInternal 正在启动服务[Catalina]
06-Aug-2020 15:50:53.270 信息 [main] org.apache.catalina.core.StandardEngine.startInternal 正在启动 Servlet 引擎：[Apache Tomcat/10.0.0-M7]
06-Aug-2020 15:50:53.306 信息 [main] org.apache.catalina.startup.HostConfig.deployDirectory 把web 应用程序部署到目录 [C:\DevelopmentPlantform\apache-tomcat-10.0.0-M7\webapps\docs]
06-Aug-2020 15:50:54.595 警告 [main] org.apache.catalina.util.SessionIdGeneratorBase.createSecureRandom 使用[SHA1PRNG]创建会话ID生成的SecureRandom实例花费了[128]毫秒。
06-Aug-2020 15:50:54.721 信息 [main] org.apache.catalina.startup.HostConfig.deployDirectory Web应用程序目录[C:\DevelopmentPlantform\apache-tomcat-10.0.0-M7\webapps\docs]的部署已在[1,416]毫秒内完成
06-Aug-2020 15:50:54.723 信息 [main] org.apache.catalina.startup.HostConfig.deployDirectory 把web 应用程序部署到目录 [C:\DevelopmentPlantform\apache-tomcat-10.0.0-M7\webapps\examples]
06-Aug-2020 15:50:56.701 信息 [main] org.apache.catalina.startup.HostConfig.deployDirectory Web应用程序目录[C:\DevelopmentPlantform\apache-tomcat-10.0.0-M7\webapps\examples]的部署已在[1,978]毫秒内完成
06-Aug-2020 15:50:56.703 信息 [main] org.apache.catalina.startup.HostConfig.deployDirectory 把web 应用程序部署到目录 [C:\DevelopmentPlantform\apache-tomcat-10.0.0-M7\webapps\host-manager]
06-Aug-2020 15:50:56.890 信息 [main] org.apache.catalina.startup.HostConfig.deployDirectory Web应用程序目录[C:\DevelopmentPlantform\apache-tomcat-10.0.0-M7\webapps\host-manager]的部署已在[186]毫秒内完成
06-Aug-2020 15:50:56.897 信息 [main] org.apache.catalina.startup.HostConfig.deployDirectory 把web 应用程序部署到目录 [C:\DevelopmentPlantform\apache-tomcat-10.0.0-M7\webapps\manager]
06-Aug-2020 15:50:57.085 信息 [main] org.apache.catalina.startup.HostConfig.deployDirectory Web应用程序目录[C:\DevelopmentPlantform\apache-tomcat-10.0.0-M7\webapps\manager]的部署已在[187]毫秒内完成
06-Aug-2020 15:50:57.087 信息 [main] org.apache.catalina.startup.HostConfig.deployDirectory 把web 应用程序部署到目录 [C:\DevelopmentPlantform\apache-tomcat-10.0.0-M7\webapps\ROOT]
06-Aug-2020 15:50:57.241 信息 [main] org.apache.catalina.startup.HostConfig.deployDirectory Web应用程序目录[C:\DevelopmentPlantform\apache-tomcat-10.0.0-M7\webapps\ROOT]的部署已在[153]毫秒内完成
06-Aug-2020 15:50:57.268 信息 [main] org.apache.coyote.AbstractProtocol.start 开始协议处理句柄["http-nio-8080"]
06-Aug-2020 15:50:57.477 信息 [main] org.apache.catalina.startup.Catalina.start [4396]毫秒后服务器启动
06-Aug-2020 15:59:49.091 信息 [main] org.apache.catalina.startup.VersionLoggerListener.log Server.服务器版本: Apache Tomcat/10.0.0-M7
06-Aug-2020 15:59:49.120 信息 [main] org.apache.catalina.startup.VersionLoggerListener.log 服务器构建:        Jun 30 2020 17:11:04 UTC
06-Aug-2020 15:59:49.122 信息 [main] org.apache.catalina.startup.VersionLoggerListener.log 服务器版本号(:     10.0.0.0
06-Aug-2020 15:59:49.124 信息 [main] org.apache.catalina.startup.VersionLoggerListener.log 操作系统名称:      Windows 10
06-Aug-2020 15:59:49.126 信息 [main] org.apache.catalina.startup.VersionLoggerListener.log OS.版本:           10.0
06-Aug-2020 15:59:49.127 信息 [main] org.apache.catalina.startup.VersionLoggerListener.log 架构:              amd64
06-Aug-2020 15:59:49.128 信息 [main] org.apache.catalina.startup.VersionLoggerListener.log Java 环境变量:     C:\DevelopmentTool\Java\jdk-14.0.1
06-Aug-2020 15:59:49.129 信息 [main] org.apache.catalina.startup.VersionLoggerListener.log Java虚拟机版本:    14.0.1+7
06-Aug-2020 15:59:49.142 信息 [main] org.apache.catalina.startup.VersionLoggerListener.log JVM.供应商:        Oracle Corporation
06-Aug-2020 15:59:49.145 信息 [main] org.apache.catalina.startup.VersionLoggerListener.log CATALINA_BASE:     C:\DevelopmentPlantform\apache-tomcat-10.0.0-M7
06-Aug-2020 15:59:49.147 信息 [main] org.apache.catalina.startup.VersionLoggerListener.log CATALINA_HOME:     C:\DevelopmentPlantform\apache-tomcat-10.0.0-M7
06-Aug-2020 15:59:49.215 信息 [main] org.apache.catalina.startup.VersionLoggerListener.log 命令行参数：--add-opens=java.base/java.lang=ALL-UNNAMED
06-Aug-2020 15:59:49.216 信息 [main] org.apache.catalina.startup.VersionLoggerListener.log 命令行参数：--add-opens=java.base/java.io=ALL-UNNAMED
06-Aug-2020 15:59:49.221 信息 [main] org.apache.catalina.startup.VersionLoggerListener.log 命令行参数：--add-opens=java.rmi/sun.rmi.transport=ALL-UNNAMED
06-Aug-2020 15:59:49.225 信息 [main] org.apache.catalina.startup.VersionLoggerListener.log 命令行参数：-Djava.util.logging.config.file=C:\DevelopmentPlantform\apache-tomcat-10.0.0-M7\conf\logging.properties
06-Aug-2020 15:59:49.226 信息 [main] org.apache.catalina.startup.VersionLoggerListener.log 命令行参数：-Djava.util.logging.manager=org.apache.juli.ClassLoaderLogManager
06-Aug-2020 15:59:49.233 信息 [main] org.apache.catalina.startup.VersionLoggerListener.log 命令行参数：-Djdk.tls.ephemeralDHKeySize=2048
06-Aug-2020 15:59:49.234 信息 [main] org.apache.catalina.startup.VersionLoggerListener.log 命令行参数：-Djava.protocol.handler.pkgs=org.apache.catalina.webresources
06-Aug-2020 15:59:49.238 信息 [main] org.apache.catalina.startup.VersionLoggerListener.log 命令行参数：-Dignore.endorsed.dirs=
06-Aug-2020 15:59:49.240 信息 [main] org.apache.catalina.startup.VersionLoggerListener.log 命令行参数：-Dcatalina.base=C:\DevelopmentPlantform\apache-tomcat-10.0.0-M7
06-Aug-2020 15:59:49.241 信息 [main] org.apache.catalina.startup.VersionLoggerListener.log 命令行参数：-Dcatalina.home=C:\DevelopmentPlantform\apache-tomcat-10.0.0-M7
06-Aug-2020 15:59:49.249 信息 [main] org.apache.catalina.startup.VersionLoggerListener.log 命令行参数：-Djava.io.tmpdir=C:\DevelopmentPlantform\apache-tomcat-10.0.0-M7\temp
06-Aug-2020 15:59:49.267 信息 [main] org.apache.catalina.core.AprLifecycleListener.lifecycleEvent 使用APR版本[1.7.0]加载了基于APR的Apache Tomcat本机库[1.2.24]。
06-Aug-2020 15:59:49.268 信息 [main] org.apache.catalina.core.AprLifecycleListener.lifecycleEvent APR功能：IPv6[true]、sendfile[true]、accept filters[false]、random[true]。
06-Aug-2020 15:59:49.287 信息 [main] org.apache.catalina.core.AprLifecycleListener.initializeSSL OpenSSL成功初始化 [OpenSSL 1.1.1g  21 Apr 2020]
06-Aug-2020 15:59:50.521 信息 [main] org.apache.coyote.AbstractProtocol.init 初始化协议处理器 ["http-nio-8080"]
06-Aug-2020 15:59:50.670 信息 [main] org.apache.catalina.startup.Catalina.load 服务器在[2495]毫秒内初始化
06-Aug-2020 15:59:50.856 信息 [main] org.apache.catalina.core.StandardService.startInternal 正在启动服务[Catalina]
06-Aug-2020 15:59:50.860 信息 [main] org.apache.catalina.core.StandardEngine.startInternal 正在启动 Servlet 引擎：[Apache Tomcat/10.0.0-M7]
06-Aug-2020 15:59:50.904 信息 [main] org.apache.catalina.startup.HostConfig.deployDirectory 把web 应用程序部署到目录 [C:\DevelopmentPlantform\apache-tomcat-10.0.0-M7\webapps\docs]
06-Aug-2020 15:59:52.126 警告 [main] org.apache.catalina.util.SessionIdGeneratorBase.createSecureRandom 使用[SHA1PRNG]创建会话ID生成的SecureRandom实例花费了[121]毫秒。
06-Aug-2020 15:59:52.219 信息 [main] org.apache.catalina.startup.HostConfig.deployDirectory Web应用程序目录[C:\DevelopmentPlantform\apache-tomcat-10.0.0-M7\webapps\docs]的部署已在[1,314]毫秒内完成
06-Aug-2020 15:59:52.221 信息 [main] org.apache.catalina.startup.HostConfig.deployDirectory 把web 应用程序部署到目录 [C:\DevelopmentPlantform\apache-tomcat-10.0.0-M7\webapps\examples]
06-Aug-2020 15:59:54.139 信息 [main] org.apache.catalina.startup.HostConfig.deployDirectory Web应用程序目录[C:\DevelopmentPlantform\apache-tomcat-10.0.0-M7\webapps\examples]的部署已在[1,918]毫秒内完成
06-Aug-2020 15:59:54.142 信息 [main] org.apache.catalina.startup.HostConfig.deployDirectory 把web 应用程序部署到目录 [C:\DevelopmentPlantform\apache-tomcat-10.0.0-M7\webapps\host-manager]
06-Aug-2020 15:59:54.334 信息 [main] org.apache.catalina.startup.HostConfig.deployDirectory Web应用程序目录[C:\DevelopmentPlantform\apache-tomcat-10.0.0-M7\webapps\host-manager]的部署已在[192]毫秒内完成
06-Aug-2020 15:59:54.335 信息 [main] org.apache.catalina.startup.HostConfig.deployDirectory 把web 应用程序部署到目录 [C:\DevelopmentPlantform\apache-tomcat-10.0.0-M7\webapps\manager]
06-Aug-2020 15:59:54.469 信息 [main] org.apache.catalina.startup.HostConfig.deployDirectory Web应用程序目录[C:\DevelopmentPlantform\apache-tomcat-10.0.0-M7\webapps\manager]的部署已在[133]毫秒内完成
06-Aug-2020 15:59:54.471 信息 [main] org.apache.catalina.startup.HostConfig.deployDirectory 把web 应用程序部署到目录 [C:\DevelopmentPlantform\apache-tomcat-10.0.0-M7\webapps\ROOT]
06-Aug-2020 15:59:54.591 信息 [main] org.apache.catalina.startup.HostConfig.deployDirectory Web应用程序目录[C:\DevelopmentPlantform\apache-tomcat-10.0.0-M7\webapps\ROOT]的部署已在[119]毫秒内完成
06-Aug-2020 15:59:54.608 信息 [main] org.apache.coyote.AbstractProtocol.start 开始协议处理句柄["http-nio-8080"]
06-Aug-2020 15:59:54.781 信息 [main] org.apache.catalina.startup.Catalina.start [4105]毫秒后服务器启动
06-Aug-2020 16:02:36.514 信息 [main] org.apache.catalina.core.StandardServer.await 通过关闭端口接收到有效的关闭命令。正在停止服务器实例。
06-Aug-2020 16:02:36.516 信息 [main] org.apache.coyote.AbstractProtocol.pause 暂停ProtocolHandler["http-nio-8080"]
06-Aug-2020 16:02:36.593 信息 [main] org.apache.catalina.core.StandardService.stopInternal 正在停止服务[Catalina]
06-Aug-2020 16:02:36.867 信息 [main] org.apache.coyote.AbstractProtocol.stop 正在停止ProtocolHandler ["http-nio-8080"]
06-Aug-2020 16:02:36.899 信息 [main] org.apache.coyote.AbstractProtocol.destroy 正在摧毁协议处理器 ["http-nio-8080"]
06-Aug-2020 16:13:46.712 信息 [main] org.apache.catalina.startup.VersionLoggerListener.log Server.服务器版本: Apache Tomcat/10.0.0-M7
06-Aug-2020 16:13:46.734 信息 [main] org.apache.catalina.startup.VersionLoggerListener.log 服务器构建:        Jun 30 2020 17:11:04 UTC
06-Aug-2020 16:13:46.736 信息 [main] org.apache.catalina.startup.VersionLoggerListener.log 服务器版本号(:     10.0.0.0
06-Aug-2020 16:13:46.737 信息 [main] org.apache.catalina.startup.VersionLoggerListener.log 操作系统名称:      Windows 10
06-Aug-2020 16:13:46.739 信息 [main] org.apache.catalina.startup.VersionLoggerListener.log OS.版本:           10.0
06-Aug-2020 16:13:46.741 信息 [main] org.apache.catalina.startup.VersionLoggerListener.log 架构:              amd64
06-Aug-2020 16:13:46.742 信息 [main] org.apache.catalina.startup.VersionLoggerListener.log Java 环境变量:     C:\DevelopmentTool\Java\jdk-14.0.1
06-Aug-2020 16:13:46.749 信息 [main] org.apache.catalina.startup.VersionLoggerListener.log Java虚拟机版本:    14.0.1+7
06-Aug-2020 16:13:46.750 信息 [main] org.apache.catalina.startup.VersionLoggerListener.log JVM.供应商:        Oracle Corporation
06-Aug-2020 16:13:46.751 信息 [main] org.apache.catalina.startup.VersionLoggerListener.log CATALINA_BASE:     C:\DevelopmentPlantform\apache-tomcat-10.0.0-M7
06-Aug-2020 16:13:46.754 信息 [main] org.apache.catalina.startup.VersionLoggerListener.log CATALINA_HOME:     C:\DevelopmentPlantform\apache-tomcat-10.0.0-M7
06-Aug-2020 16:13:46.806 信息 [main] org.apache.catalina.startup.VersionLoggerListener.log 命令行参数：--add-opens=java.base/java.lang=ALL-UNNAMED
06-Aug-2020 16:13:46.808 信息 [main] org.apache.catalina.startup.VersionLoggerListener.log 命令行参数：--add-opens=java.base/java.io=ALL-UNNAMED
06-Aug-2020 16:13:46.815 信息 [main] org.apache.catalina.startup.VersionLoggerListener.log 命令行参数：--add-opens=java.rmi/sun.rmi.transport=ALL-UNNAMED
06-Aug-2020 16:13:46.817 信息 [main] org.apache.catalina.startup.VersionLoggerListener.log 命令行参数：-Djava.util.logging.config.file=C:\DevelopmentPlantform\apache-tomcat-10.0.0-M7\conf\logging.properties
06-Aug-2020 16:13:46.819 信息 [main] org.apache.catalina.startup.VersionLoggerListener.log 命令行参数：-Djava.util.logging.manager=org.apache.juli.ClassLoaderLogManager
06-Aug-2020 16:13:46.820 信息 [main] org.apache.catalina.startup.VersionLoggerListener.log 命令行参数：-Djdk.tls.ephemeralDHKeySize=2048
06-Aug-2020 16:13:46.830 信息 [main] org.apache.catalina.startup.VersionLoggerListener.log 命令行参数：-Djava.protocol.handler.pkgs=org.apache.catalina.webresources
06-Aug-2020 16:13:46.832 信息 [main] org.apache.catalina.startup.VersionLoggerListener.log 命令行参数：-Dignore.endorsed.dirs=
06-Aug-2020 16:13:46.834 信息 [main] org.apache.catalina.startup.VersionLoggerListener.log 命令行参数：-Dcatalina.base=C:\DevelopmentPlantform\apache-tomcat-10.0.0-M7
06-Aug-2020 16:13:46.835 信息 [main] org.apache.catalina.startup.VersionLoggerListener.log 命令行参数：-Dcatalina.home=C:\DevelopmentPlantform\apache-tomcat-10.0.0-M7
06-Aug-2020 16:13:46.837 信息 [main] org.apache.catalina.startup.VersionLoggerListener.log 命令行参数：-Djava.io.tmpdir=C:\DevelopmentPlantform\apache-tomcat-10.0.0-M7\temp
06-Aug-2020 16:13:46.858 信息 [main] org.apache.catalina.core.AprLifecycleListener.lifecycleEvent 使用APR版本[1.7.0]加载了基于APR的Apache Tomcat本机库[1.2.24]。
06-Aug-2020 16:13:46.860 信息 [main] org.apache.catalina.core.AprLifecycleListener.lifecycleEvent APR功能：IPv6[true]、sendfile[true]、accept filters[false]、random[true]。
06-Aug-2020 16:13:46.880 信息 [main] org.apache.catalina.core.AprLifecycleListener.initializeSSL OpenSSL成功初始化 [OpenSSL 1.1.1g  21 Apr 2020]
06-Aug-2020 16:13:48.067 信息 [main] org.apache.coyote.AbstractProtocol.init 初始化协议处理器 ["http-nio-8080"]
06-Aug-2020 16:13:48.185 信息 [main] org.apache.catalina.startup.Catalina.load 服务器在[2412]毫秒内初始化
06-Aug-2020 16:13:48.407 信息 [main] org.apache.catalina.core.StandardService.startInternal 正在启动服务[Catalina]
06-Aug-2020 16:13:48.412 信息 [main] org.apache.catalina.core.StandardEngine.startInternal 正在启动 Servlet 引擎：[Apache Tomcat/10.0.0-M7]
06-Aug-2020 16:13:48.479 信息 [main] org.apache.catalina.startup.HostConfig.deployDirectory 把web 应用程序部署到目录 [C:\DevelopmentPlantform\apache-tomcat-10.0.0-M7\webapps\book]
06-Aug-2020 16:13:49.681 警告 [main] org.apache.catalina.util.SessionIdGeneratorBase.createSecureRandom 使用[SHA1PRNG]创建会话ID生成的SecureRandom实例花费了[101]毫秒。
06-Aug-2020 16:13:49.773 信息 [main] org.apache.catalina.startup.HostConfig.deployDirectory Web应用程序目录[C:\DevelopmentPlantform\apache-tomcat-10.0.0-M7\webapps\book]的部署已在[1,293]毫秒内完成
06-Aug-2020 16:13:49.776 信息 [main] org.apache.catalina.startup.HostConfig.deployDirectory 把web 应用程序部署到目录 [C:\DevelopmentPlantform\apache-tomcat-10.0.0-M7\webapps\docs]
06-Aug-2020 16:13:49.890 信息 [main] org.apache.catalina.startup.HostConfig.deployDirectory Web应用程序目录[C:\DevelopmentPlantform\apache-tomcat-10.0.0-M7\webapps\docs]的部署已在[114]毫秒内完成
06-Aug-2020 16:13:49.892 信息 [main] org.apache.catalina.startup.HostConfig.deployDirectory 把web 应用程序部署到目录 [C:\DevelopmentPlantform\apache-tomcat-10.0.0-M7\webapps\examples]
06-Aug-2020 16:13:51.646 信息 [main] org.apache.catalina.startup.HostConfig.deployDirectory Web应用程序目录[C:\DevelopmentPlantform\apache-tomcat-10.0.0-M7\webapps\examples]的部署已在[1,753]毫秒内完成
06-Aug-2020 16:13:51.649 信息 [main] org.apache.catalina.startup.HostConfig.deployDirectory 把web 应用程序部署到目录 [C:\DevelopmentPlantform\apache-tomcat-10.0.0-M7\webapps\host-manager]
06-Aug-2020 16:13:51.831 信息 [main] org.apache.catalina.startup.HostConfig.deployDirectory Web应用程序目录[C:\DevelopmentPlantform\apache-tomcat-10.0.0-M7\webapps\host-manager]的部署已在[183]毫秒内完成
06-Aug-2020 16:13:51.835 信息 [main] org.apache.catalina.startup.HostConfig.deployDirectory 把web 应用程序部署到目录 [C:\DevelopmentPlantform\apache-tomcat-10.0.0-M7\webapps\manager]
06-Aug-2020 16:13:51.978 信息 [main] org.apache.catalina.startup.HostConfig.deployDirectory Web应用程序目录[C:\DevelopmentPlantform\apache-tomcat-10.0.0-M7\webapps\manager]的部署已在[143]毫秒内完成
06-Aug-2020 16:13:51.980 信息 [main] org.apache.catalina.startup.HostConfig.deployDirectory 把web 应用程序部署到目录 [C:\DevelopmentPlantform\apache-tomcat-10.0.0-M7\webapps\ROOT]
06-Aug-2020 16:13:52.099 信息 [main] org.apache.catalina.startup.HostConfig.deployDirectory Web应用程序目录[C:\DevelopmentPlantform\apache-tomcat-10.0.0-M7\webapps\ROOT]的部署已在[118]毫秒内完成
06-Aug-2020 16:13:52.120 信息 [main] org.apache.coyote.AbstractProtocol.start 开始协议处理句柄["http-nio-8080"]
06-Aug-2020 16:13:52.340 信息 [main] org.apache.catalina.startup.Catalina.start [4152]毫秒后服务器启动
06-Aug-2020 16:25:50.530 信息 [main] org.apache.catalina.startup.VersionLoggerListener.log Server.服务器版本: Apache Tomcat/10.0.0-M7
06-Aug-2020 16:25:50.557 信息 [main] org.apache.catalina.startup.VersionLoggerListener.log 服务器构建:        Jun 30 2020 17:11:04 UTC
06-Aug-2020 16:25:50.558 信息 [main] org.apache.catalina.startup.VersionLoggerListener.log 服务器版本号(:     10.0.0.0
06-Aug-2020 16:25:50.561 信息 [main] org.apache.catalina.startup.VersionLoggerListener.log 操作系统名称:      Windows 10
06-Aug-2020 16:25:50.563 信息 [main] org.apache.catalina.startup.VersionLoggerListener.log OS.版本:           10.0
06-Aug-2020 16:25:50.566 信息 [main] org.apache.catalina.startup.VersionLoggerListener.log 架构:              amd64
06-Aug-2020 16:25:50.567 信息 [main] org.apache.catalina.startup.VersionLoggerListener.log Java 环境变量:     C:\DevelopmentTool\Java\jdk-14.0.1
06-Aug-2020 16:25:50.571 信息 [main] org.apache.catalina.startup.VersionLoggerListener.log Java虚拟机版本:    14.0.1+7
06-Aug-2020 16:25:50.578 信息 [main] org.apache.catalina.startup.VersionLoggerListener.log JVM.供应商:        Oracle Corporation
06-Aug-2020 16:25:50.586 信息 [main] org.apache.catalina.startup.VersionLoggerListener.log CATALINA_BASE:     C:\DevelopmentPlantform\apache-tomcat-10.0.0-M7
06-Aug-2020 16:25:50.593 信息 [main] org.apache.catalina.startup.VersionLoggerListener.log CATALINA_HOME:     C:\DevelopmentPlantform\apache-tomcat-10.0.0-M7
06-Aug-2020 16:25:50.626 信息 [main] org.apache.catalina.startup.VersionLoggerListener.log 命令行参数：--add-opens=java.base/java.lang=ALL-UNNAMED
06-Aug-2020 16:25:50.628 信息 [main] org.apache.catalina.startup.VersionLoggerListener.log 命令行参数：--add-opens=java.base/java.io=ALL-UNNAMED
06-Aug-2020 16:25:50.629 信息 [main] org.apache.catalina.startup.VersionLoggerListener.log 命令行参数：--add-opens=java.rmi/sun.rmi.transport=ALL-UNNAMED
06-Aug-2020 16:25:50.630 信息 [main] org.apache.catalina.startup.VersionLoggerListener.log 命令行参数：-Djava.util.logging.config.file=C:\DevelopmentPlantform\apache-tomcat-10.0.0-M7\conf\logging.properties
06-Aug-2020 16:25:50.631 信息 [main] org.apache.catalina.startup.VersionLoggerListener.log 命令行参数：-Djava.util.logging.manager=org.apache.juli.ClassLoaderLogManager
06-Aug-2020 16:25:50.634 信息 [main] org.apache.catalina.startup.VersionLoggerListener.log 命令行参数：-Djdk.tls.ephemeralDHKeySize=2048
06-Aug-2020 16:25:50.637 信息 [main] org.apache.catalina.startup.VersionLoggerListener.log 命令行参数：-Djava.protocol.handler.pkgs=org.apache.catalina.webresources
06-Aug-2020 16:25:50.646 信息 [main] org.apache.catalina.startup.VersionLoggerListener.log 命令行参数：-Dignore.endorsed.dirs=
06-Aug-2020 16:25:50.648 信息 [main] org.apache.catalina.startup.VersionLoggerListener.log 命令行参数：-Dcatalina.base=C:\DevelopmentPlantform\apache-tomcat-10.0.0-M7
06-Aug-2020 16:25:50.651 信息 [main] org.apache.catalina.startup.VersionLoggerListener.log 命令行参数：-Dcatalina.home=C:\DevelopmentPlantform\apache-tomcat-10.0.0-M7
06-Aug-2020 16:25:50.652 信息 [main] org.apache.catalina.startup.VersionLoggerListener.log 命令行参数：-Djava.io.tmpdir=C:\DevelopmentPlantform\apache-tomcat-10.0.0-M7\temp
06-Aug-2020 16:25:50.668 信息 [main] org.apache.catalina.core.AprLifecycleListener.lifecycleEvent 使用APR版本[1.7.0]加载了基于APR的Apache Tomcat本机库[1.2.24]。
06-Aug-2020 16:25:50.670 信息 [main] org.apache.catalina.core.AprLifecycleListener.lifecycleEvent APR功能：IPv6[true]、sendfile[true]、accept filters[false]、random[true]。
06-Aug-2020 16:25:50.695 信息 [main] org.apache.catalina.core.AprLifecycleListener.initializeSSL OpenSSL成功初始化 [OpenSSL 1.1.1g  21 Apr 2020]
06-Aug-2020 16:25:52.221 信息 [main] org.apache.coyote.AbstractProtocol.init 初始化协议处理器 ["http-nio-8080"]
06-Aug-2020 16:25:52.328 信息 [main] org.apache.catalina.startup.Catalina.load 服务器在[2839]毫秒内初始化
06-Aug-2020 16:25:52.493 信息 [main] org.apache.catalina.core.StandardService.startInternal 正在启动服务[Catalina]
06-Aug-2020 16:25:52.496 信息 [main] org.apache.catalina.core.StandardEngine.startInternal 正在启动 Servlet 引擎：[Apache Tomcat/10.0.0-M7]
06-Aug-2020 16:25:52.532 信息 [main] org.apache.catalina.startup.HostConfig.deployDirectory 把web 应用程序部署到目录 [C:\DevelopmentPlantform\apache-tomcat-10.0.0-M7\webapps\docs]
06-Aug-2020 16:25:53.658 警告 [main] org.apache.catalina.util.SessionIdGeneratorBase.createSecureRandom 使用[SHA1PRNG]创建会话ID生成的SecureRandom实例花费了[103]毫秒。
06-Aug-2020 16:25:53.744 信息 [main] org.apache.catalina.startup.HostConfig.deployDirectory Web应用程序目录[C:\DevelopmentPlantform\apache-tomcat-10.0.0-M7\webapps\docs]的部署已在[1,212]毫秒内完成
06-Aug-2020 16:25:53.745 信息 [main] org.apache.catalina.startup.HostConfig.deployDirectory 把web 应用程序部署到目录 [C:\DevelopmentPlantform\apache-tomcat-10.0.0-M7\webapps\examples]
06-Aug-2020 16:25:55.487 信息 [main] org.apache.catalina.startup.HostConfig.deployDirectory Web应用程序目录[C:\DevelopmentPlantform\apache-tomcat-10.0.0-M7\webapps\examples]的部署已在[1,742]毫秒内完成
06-Aug-2020 16:25:55.495 信息 [main] org.apache.catalina.startup.HostConfig.deployDirectory 把web 应用程序部署到目录 [C:\DevelopmentPlantform\apache-tomcat-10.0.0-M7\webapps\host-manager]
06-Aug-2020 16:25:55.694 信息 [main] org.apache.catalina.startup.HostConfig.deployDirectory Web应用程序目录[C:\DevelopmentPlantform\apache-tomcat-10.0.0-M7\webapps\host-manager]的部署已在[200]毫秒内完成
06-Aug-2020 16:25:55.696 信息 [main] org.apache.catalina.startup.HostConfig.deployDirectory 把web 应用程序部署到目录 [C:\DevelopmentPlantform\apache-tomcat-10.0.0-M7\webapps\manager]
06-Aug-2020 16:25:55.839 信息 [main] org.apache.catalina.startup.HostConfig.deployDirectory Web应用程序目录[C:\DevelopmentPlantform\apache-tomcat-10.0.0-M7\webapps\manager]的部署已在[144]毫秒内完成
06-Aug-2020 16:25:55.841 信息 [main] org.apache.catalina.startup.HostConfig.deployDirectory 把web 应用程序部署到目录 [C:\DevelopmentPlantform\apache-tomcat-10.0.0-M7\webapps\ROOT]
06-Aug-2020 16:25:55.958 信息 [main] org.apache.catalina.startup.HostConfig.deployDirectory Web应用程序目录[C:\DevelopmentPlantform\apache-tomcat-10.0.0-M7\webapps\ROOT]的部署已在[116]毫秒内完成
06-Aug-2020 16:25:55.981 信息 [main] org.apache.coyote.AbstractProtocol.start 开始协议处理句柄["http-nio-8080"]
06-Aug-2020 16:25:56.142 信息 [main] org.apache.catalina.startup.Catalina.start [3813]毫秒后服务器启动
