06-Aug-2020 15:44:49.368 信息 [main] org.apache.catalina.core.ApplicationContext.log ContextListener: contextInitialized()
06-Aug-2020 15:44:49.368 信息 [main] org.apache.catalina.core.ApplicationContext.log SessionListener: contextInitialized()
06-Aug-2020 15:44:49.377 信息 [main] org.apache.catalina.core.ApplicationContext.log ContextListener: attributeAdded('StockTicker', 'async.Stockticker@1e1d3956')
06-Aug-2020 15:47:03.699 信息 [main] org.apache.catalina.core.ApplicationContext.log ContextListener: contextInitialized()
06-Aug-2020 15:47:03.699 信息 [main] org.apache.catalina.core.ApplicationContext.log SessionListener: contextInitialized()
06-Aug-2020 15:47:03.708 信息 [main] org.apache.catalina.core.ApplicationContext.log ContextListener: attributeAdded('StockTicker', 'async.Stockticker@71b3bc45')
06-Aug-2020 15:50:56.668 信息 [main] org.apache.catalina.core.ApplicationContext.log ContextListener: contextInitialized()
06-Aug-2020 15:50:56.669 信息 [main] org.apache.catalina.core.ApplicationContext.log SessionListener: contextInitialized()
06-Aug-2020 15:50:56.677 信息 [main] org.apache.catalina.core.ApplicationContext.log ContextListener: attributeAdded('StockTicker', 'async.Stockticker@650eab8')
06-Aug-2020 15:59:54.099 信息 [main] org.apache.catalina.core.ApplicationContext.log ContextListener: contextInitialized()
06-Aug-2020 15:59:54.099 信息 [main] org.apache.catalina.core.ApplicationContext.log SessionListener: contextInitialized()
06-Aug-2020 15:59:54.110 信息 [main] org.apache.catalina.core.ApplicationContext.log ContextListener: attributeAdded('StockTicker', 'async.Stockticker@53f48368')
06-Aug-2020 16:02:36.731 信息 [main] org.apache.catalina.core.ApplicationContext.log SessionListener: contextDestroyed()
06-Aug-2020 16:02:36.734 信息 [main] org.apache.catalina.core.ApplicationContext.log ContextListener: contextDestroyed()
06-Aug-2020 16:13:51.602 信息 [main] org.apache.catalina.core.ApplicationContext.log ContextListener: contextInitialized()
06-Aug-2020 16:13:51.603 信息 [main] org.apache.catalina.core.ApplicationContext.log SessionListener: contextInitialized()
06-Aug-2020 16:13:51.614 信息 [main] org.apache.catalina.core.ApplicationContext.log ContextListener: attributeAdded('StockTicker', 'async.Stockticker@36676c1a')
06-Aug-2020 16:25:55.431 信息 [main] org.apache.catalina.core.ApplicationContext.log ContextListener: contextInitialized()
06-Aug-2020 16:25:55.433 信息 [main] org.apache.catalina.core.ApplicationContext.log SessionListener: contextInitialized()
06-Aug-2020 16:25:55.446 信息 [main] org.apache.catalina.core.ApplicationContext.log ContextListener: attributeAdded('StockTicker', 'async.Stockticker@73db4768')
